7.2.1 11-10-2019 04:14:48 Starting new session. Mods: examplemod 
7.2.1 11-10-2019 04:15:53 MAJOR: null: Loading language: en_us
7.2.1 11-10-2019 04:15:54 MAJOR: null: LanguageData loaded: en_us. Wand invitem name: Wand of Summoning
7.2.1 11-10-2019 05:54:23 Starting new session. Mods: examplemod 
7.2.1 11-10-2019 05:55:20 MAJOR: null: Loading language: en_us
7.2.1 11-10-2019 05:55:21 MAJOR: null: LanguageData loaded: en_us. Wand invitem name: Wand of Summoning
7.2.1 11-10-2019 06:02:57 Starting new session. Mods: examplemod 
7.2.1 11-10-2019 06:03:52 MAJOR: null: Loading language: en_us
7.2.1 11-10-2019 06:03:53 MAJOR: null: LanguageData loaded: en_us. Wand invitem name: Wand of Summoning
7.2.1 11-10-2019 06:11:46 Starting new session. Mods: examplemod 
7.2.1 11-10-2019 06:12:35 MAJOR: null: Loading language: en_us
7.2.1 11-10-2019 06:12:36 MAJOR: null: LanguageData loaded: en_us. Wand invitem name: Wand of Summoning
7.2.1 11-10-2019 15:53:42 Starting new session. Mods: examplemod 
7.2.1 11-10-2019 15:54:46 MAJOR: null: Loading language: en_us
7.2.1 11-10-2019 15:54:50 MAJOR: null: LanguageData loaded: en_us. Wand invitem name: Wand of Summoning
7.2.1 11-10-2019 16:06:25 Starting new session. Mods: examplemod 
7.2.1 11-10-2019 16:07:14 MAJOR: null: Loading language: en_us
7.2.1 11-10-2019 16:07:14 MAJOR: null: LanguageData loaded: en_us. Wand invitem name: Wand of Summoning
7.2.1 11-10-2019 16:17:03 Starting new session. Mods: examplemod 
7.2.1 11-10-2019 16:18:02 MAJOR: null: Loading language: en_us
7.2.1 11-10-2019 16:18:02 MAJOR: null: LanguageData loaded: en_us. Wand invitem name: Wand of Summoning
7.2.1 11-10-2019 16:24:14 Starting new session. Mods: examplemod 
7.2.1 11-10-2019 16:25:02 MAJOR: null: Loading language: en_us
7.2.1 11-10-2019 16:25:02 MAJOR: null: LanguageData loaded: en_us. Wand invitem name: Wand of Summoning
7.2.1 11-10-2019 16:34:27 Starting new session. Mods: examplemod 
7.2.1 11-10-2019 16:35:07 MAJOR: null: Loading language: en_us
7.2.1 11-10-2019 16:35:07 MAJOR: null: LanguageData loaded: en_us. Wand invitem name: Wand of Summoning
7.2.1 11-10-2019 16:38:27 ERROR: org.millenaire.client.network.ClientReceiver@1edceef4: Received a packet despite null clientWorld.
7.2.1 11-10-2019 16:42:29 Starting new session. Mods: examplemod 
7.2.1 11-10-2019 16:43:08 MAJOR: null: Loading language: en_us
7.2.1 11-10-2019 16:43:08 MAJOR: null: LanguageData loaded: en_us. Wand invitem name: Wand of Summoning
7.2.1 11-10-2019 16:47:37 Starting new session. Mods: examplemod 
7.2.1 11-10-2019 16:48:20 MAJOR: null: Loading language: en_us
7.2.1 11-10-2019 16:48:20 MAJOR: null: LanguageData loaded: en_us. Wand invitem name: Wand of Summoning
7.2.1 11-10-2019 16:56:47 Starting new session. Mods: examplemod 
7.2.1 11-10-2019 16:57:33 MAJOR: null: Loading language: en_us
7.2.1 11-10-2019 16:57:33 MAJOR: null: LanguageData loaded: en_us. Wand invitem name: Wand of Summoning
7.2.1 11-10-2019 17:10:39 Starting new session. Mods: examplemod 
7.2.1 11-10-2019 17:11:39 MAJOR: null: Loading language: en_us
7.2.1 11-10-2019 17:11:43 MAJOR: null: LanguageData loaded: en_us. Wand invitem name: Wand of Summoning
7.2.1 11-10-2019 17:29:24 Starting new session. Mods: examplemod 
7.2.1 11-10-2019 17:30:14 MAJOR: null: Loading language: en_us
7.2.1 11-10-2019 17:30:14 MAJOR: null: LanguageData loaded: en_us. Wand invitem name: Wand of Summoning
7.2.1 11-10-2019 17:32:45 ERROR: org.millenaire.client.network.ClientReceiver@4d87ad86: Received a packet despite null clientWorld.
7.2.1 11-10-2019 17:48:34 Starting new session. Mods: examplemod 
7.2.1 11-10-2019 17:48:57 MAJOR: null: Loading language: en_us
7.2.1 11-10-2019 17:48:57 MAJOR: null: LanguageData loaded: en_us. Wand invitem name: Wand of Summoning
7.2.1 11-10-2019 17:57:13 Starting new session. Mods: examplemod 
7.2.1 11-10-2019 17:57:32 MAJOR: null: Loading language: en_us
7.2.1 11-10-2019 17:57:32 MAJOR: null: LanguageData loaded: en_us. Wand invitem name: Wand of Summoning
7.2.1 11-10-2019 17:58:23 Starting new session. Mods: examplemod 
7.2.1 11-10-2019 17:58:42 MAJOR: null: Loading language: en_us
7.2.1 11-10-2019 17:58:43 MAJOR: null: LanguageData loaded: en_us. Wand invitem name: Wand of Summoning
7.2.1 11-10-2019 18:26:03 Starting new session. Mods: examplemod 
7.2.1 11-10-2019 18:26:16 MAJOR: null: Loading language: en_us
7.2.1 11-10-2019 18:26:17 MAJOR: null: LanguageData loaded: en_us. Wand invitem name: Wand of Summoning
7.2.1 11-10-2019 18:50:33 Starting new session. Mods: examplemod 
7.2.1 11-10-2019 18:51:27 MAJOR: null: Loading language: en_us
7.2.1 11-10-2019 18:51:28 MAJOR: null: LanguageData loaded: en_us. Wand invitem name: Wand of Summoning
7.2.1 12-10-2019 07:22:03 Starting new session. Mods: examplemod 
7.2.1 12-10-2019 07:23:14 MAJOR: null: Loading language: en_us
7.2.1 12-10-2019 07:23:18 MAJOR: null: LanguageData loaded: en_us. Wand invitem name: Wand of Summoning
7.2.1 12-10-2019 16:42:23 Starting new session. Mods: examplemod 
7.2.1 12-10-2019 16:43:25 MAJOR: null: Loading language: en_us
7.2.1 12-10-2019 16:43:25 MAJOR: null: LanguageData loaded: en_us. Wand invitem name: Wand of Summoning
7.2.1 12-10-2019 16:58:08 Exception when finding JPS path:
7.2.1 12-10-2019 16:58:08 org.millenaire.common.utilities.ThreadSafeUtilities$ChunkAccessException: Attempting to access a coordinate in an unloaded chunk within a thread in a server world at 1861/-2564.
	at org.millenaire.common.utilities.ThreadSafeUtilities.validateCoords(ThreadSafeUtilities.java:81)
	at org.millenaire.common.utilities.ThreadSafeUtilities.getBlockState(ThreadSafeUtilities.java:44)
	at org.millenaire.common.pathing.atomicstryker.AStarStatic.isPassableBlock(AStarStatic.java:152)
	at org.millenaire.common.pathing.atomicstryker.AStarStatic.translateAStarPathtoPathEntity(AStarStatic.java:302)
	at org.millenaire.common.entity.MillVillager.applyPathCalculatedSinceLastTick(MillVillager.java:431)
	at org.millenaire.common.entity.MillVillager.func_70071_h_(MillVillager.java:2321)
	at net.minecraft.world.World.func_72866_a(World.java:1996)
	at net.minecraft.world.WorldServer.func_72866_a(WorldServer.java:832)
	at net.minecraft.world.World.func_72870_g(World.java:1958)
	at net.minecraft.world.World.redirect$updateEntity$zbj000(World.java:4123)
	at net.minecraft.world.World.func_72939_s(World.java:1762)
	at net.minecraft.world.WorldServer.func_72939_s(WorldServer.java:613)
	at net.minecraft.server.MinecraftServer.func_71190_q(MinecraftServer.java:767)
	at net.minecraft.server.MinecraftServer.func_71217_p(MinecraftServer.java:668)
	at net.minecraft.server.integrated.IntegratedServer.func_71217_p(IntegratedServer.java:252)
	at net.minecraft.server.MinecraftServer.run(MinecraftServer.java:526)
	at java.lang.Thread.run(Unknown Source)

7.2.1 12-10-2019 17:22:42 Starting new session. Mods: examplemod 
7.2.1 12-10-2019 17:23:39 MAJOR: null: Loading language: en_us
7.2.1 12-10-2019 17:23:40 MAJOR: null: LanguageData loaded: en_us. Wand invitem name: Wand of Summoning
7.2.1 12-10-2019 17:40:08 Starting new session. Mods: examplemod 
7.2.1 12-10-2019 17:41:03 MAJOR: null: Loading language: en_us
7.2.1 12-10-2019 17:41:04 MAJOR: null: LanguageData loaded: en_us. Wand invitem name: Wand of Summoning
7.2.1 12-10-2019 18:33:06 Starting new session. Mods: examplemod 
7.2.1 12-10-2019 18:34:03 MAJOR: null: Loading language: en_us
7.2.1 12-10-2019 18:34:04 MAJOR: null: LanguageData loaded: en_us. Wand invitem name: Wand of Summoning
7.2.1 12-10-2019 18:53:15 WARNING: norman:pantheon_A0: Building has at least 1 signs but only 1 sign orders.
7.2.1 12-10-2019 18:53:15 WARNING: norman:pantheon_A0: Building has at least 2 signs but only 1 sign orders.
7.2.1 12-10-2019 18:53:15 WARNING: norman:pantheon_A0: Building has at least 3 signs but only 1 sign orders.
7.2.1 12-10-2019 18:53:15 WARNING: norman:pantheon_A0: Building has at least 4 signs but only 1 sign orders.
7.2.1 12-10-2019 18:53:15 WARNING: norman:pantheon_A0: Building has at least 5 signs but only 1 sign orders.
7.2.1 12-10-2019 18:53:15 WARNING: norman:pantheon_A0: Building has at least 6 signs but only 1 sign orders.
7.2.1 12-10-2019 18:53:15 WARNING: norman:pantheon_A0: Building has at least 7 signs but only 1 sign orders.
7.2.1 12-10-2019 18:53:15 WARNING: norman:pantheon_A0: Building has at least 8 signs but only 1 sign orders.
7.2.1 12-10-2019 18:53:15 WARNING: norman:pantheon_A0: Building has at least 9 signs but only 1 sign orders.
7.2.1 12-10-2019 18:53:15 WARNING: norman:pantheon_A0: Building has at least 10 signs but only 1 sign orders.
7.2.1 12-10-2019 18:53:15 WARNING: norman:pantheon_A0: Building has at least 11 signs but only 1 sign orders.
7.2.1 12-10-2019 18:53:15 WARNING: norman:pantheon_A0: Building has at least 12 signs but only 1 sign orders.
7.2.1 12-10-2019 18:53:15 WARNING: norman:pantheon_A0: Building has at least 13 signs but only 1 sign orders.
7.2.1 12-10-2019 18:53:15 WARNING: norman:pantheon_A0: Building has at least 14 signs but only 1 sign orders.
7.2.1 12-10-2019 18:53:15 WARNING: norman:pantheon_A0: Building has at least 15 signs but only 1 sign orders.
7.2.1 12-10-2019 18:53:15 WARNING: norman:pantheon_A0: Building has at least 16 signs but only 1 sign orders.
7.2.1 12-10-2019 18:53:15 WARNING: norman:pantheon_A0: Building has at least 17 signs but only 1 sign orders.
7.2.1 12-10-2019 18:53:15 WARNING: norman:pantheon_A0: Building has at least 18 signs but only 1 sign orders.
7.2.1 12-10-2019 18:53:15 WARNING: norman:pantheon_A0: Building has at least 19 signs but only 1 sign orders.
7.2.1 12-10-2019 18:53:15 WARNING: norman:pantheon_A0: Building has at least 20 signs but only 1 sign orders.
7.2.1 12-10-2019 18:53:15 WARNING: norman:pantheon_A0: Building has at least 21 signs but only 1 sign orders.
7.2.1 12-10-2019 18:53:15 WARNING: norman:pantheon_A0: Building has at least 22 signs but only 1 sign orders.
7.2.1 12-10-2019 18:53:15 WARNING: norman:pantheon_A0: Building has at least 23 signs but only 1 sign orders.
7.2.1 12-10-2019 18:53:15 WARNING: norman:pantheon_A0: Building has at least 24 signs but only 1 sign orders.
7.2.1 12-10-2019 18:53:15 WARNING: norman:pantheon_A0: Building has at least 25 signs but only 1 sign orders.
7.2.1 12-10-2019 18:53:15 WARNING: norman:pantheon_A0: Building has at least 26 signs but only 1 sign orders.
7.2.1 12-10-2019 18:53:15 WARNING: norman:pantheon_A0: Building has at least 27 signs but only 1 sign orders.
7.2.1 12-10-2019 18:53:15 WARNING: norman:pantheon_A0: Building has at least 28 signs but only 1 sign orders.
7.2.1 12-10-2019 18:53:15 WARNING: norman:pantheon_A0: Building has at least 29 signs but only 1 sign orders.
7.2.1 12-10-2019 18:53:15 WARNING: norman:pantheon_A0: Building has at least 30 signs but only 1 sign orders.
7.2.1 12-10-2019 18:53:15 WARNING: norman:pantheon_A0: Building has at least 31 signs but only 1 sign orders.
7.2.1 12-10-2019 18:53:15 WARNING: norman:pantheon_A0: Building has at least 32 signs but only 1 sign orders.
7.2.1 12-10-2019 18:53:15 WARNING: norman:pantheon_A0: Building has at least 33 signs but only 1 sign orders.
7.2.1 12-10-2019 18:53:15 WARNING: norman:pantheon_A0: Building has at least 34 signs but only 1 sign orders.
7.2.1 12-10-2019 18:53:15 WARNING: norman:pantheon_A0: Building has at least 35 signs but only 1 sign orders.
7.2.1 12-10-2019 18:53:15 WARNING: norman:pantheon_A0: Building has at least 36 signs but only 1 sign orders.
7.2.1 12-10-2019 18:53:15 WARNING: norman:pantheon_A0: Building has at least 37 signs but only 1 sign orders.
7.2.1 12-10-2019 18:53:15 WARNING: norman:pantheon_A0: Building has at least 38 signs but only 1 sign orders.
7.2.1 12-10-2019 18:53:15 WARNING: norman:pantheon_A0: Building has at least 39 signs but only 1 sign orders.
7.2.1 12-10-2019 18:53:15 WARNING: norman:pantheon_A0: Building has at least 40 signs but only 1 sign orders.
7.2.1 12-10-2019 18:53:15 WARNING: norman:pantheon_A0: Building has at least 41 signs but only 1 sign orders.
7.2.1 12-10-2019 18:53:15 WARNING: norman:pantheon_A0: Building has at least 42 signs but only 1 sign orders.
7.2.1 12-10-2019 18:53:15 WARNING: norman:pantheon_A0: Building has at least 43 signs but only 1 sign orders.
7.2.1 12-10-2019 18:53:15 WARNING: norman:pantheon_A0: Building has at least 44 signs but only 1 sign orders.
7.2.1 12-10-2019 18:53:15 WARNING: norman:pantheon_A0: Building has at least 45 signs but only 1 sign orders.
7.2.1 12-10-2019 18:53:15 WARNING: norman:pantheon_A0: Building has at least 46 signs but only 1 sign orders.
7.2.1 12-10-2019 18:53:15 WARNING: norman:pantheon_A0: Building has at least 47 signs but only 1 sign orders.
7.2.1 12-10-2019 18:53:15 WARNING: norman:pantheon_A0: Building has at least 48 signs but only 1 sign orders.
7.2.1 12-10-2019 18:53:15 WARNING: norman:pantheon_A0: Building has at least 49 signs but only 1 sign orders.
7.2.1 12-10-2019 18:53:15 WARNING: norman:pantheon_A0: Building has at least 50 signs but only 1 sign orders.
7.2.1 12-10-2019 18:53:15 WARNING: norman:pantheon_A0: Building has at least 51 signs but only 1 sign orders.
7.2.1 12-10-2019 18:53:15 WARNING: norman:pantheon_A0: Building has at least 52 signs but only 1 sign orders.
7.2.1 12-10-2019 18:53:15 WARNING: norman:pantheon_A0: Building has at least 53 signs but only 1 sign orders.
7.2.1 12-10-2019 18:53:15 WARNING: norman:pantheon_A0: Building has at least 54 signs but only 1 sign orders.
7.2.1 12-10-2019 18:53:15 WARNING: norman:pantheon_A0: Building has at least 55 signs but only 1 sign orders.
7.2.1 12-10-2019 18:53:15 WARNING: norman:pantheon_A0: Building has at least 56 signs but only 1 sign orders.
7.2.1 12-10-2019 18:53:15 WARNING: norman:pantheon_A0: Building has at least 57 signs but only 1 sign orders.
7.2.1 12-10-2019 18:53:15 WARNING: norman:pantheon_A0: Building has at least 58 signs but only 1 sign orders.
7.2.1 12-10-2019 18:53:15 WARNING: norman:pantheon_A0: Building has at least 59 signs but only 1 sign orders.
7.2.1 12-10-2019 18:53:15 WARNING: norman:pantheon_A0: Building has at least 60 signs but only 1 sign orders.
7.2.1 12-10-2019 18:53:15 WARNING: norman:pantheon_A0: Building has at least 61 signs but only 1 sign orders.
7.2.1 12-10-2019 18:53:15 WARNING: norman:pantheon_A0: Building has at least 62 signs but only 1 sign orders.
7.2.1 12-10-2019 18:53:15 WARNING: norman:pantheon_A0: Building has at least 63 signs but only 1 sign orders.
7.2.1 12-10-2019 18:53:15 WARNING: norman:pantheon_A0: Building has at least 64 signs but only 1 sign orders.
7.2.1 12-10-2019 18:53:15 WARNING: norman:pantheon_A0: Building has at least 65 signs but only 1 sign orders.
7.2.1 12-10-2019 18:53:15 WARNING: norman:pantheon_A0: Building has at least 66 signs but only 1 sign orders.
7.2.1 12-10-2019 18:53:15 WARNING: norman:pantheon_A0: Building has at least 67 signs but only 1 sign orders.
7.2.1 12-10-2019 18:53:15 WARNING: norman:pantheon_A0: Building has at least 68 signs but only 1 sign orders.
7.2.1 12-10-2019 18:53:15 WARNING: norman:pantheon_A0: Building has at least 69 signs but only 1 sign orders.
7.2.1 12-10-2019 18:53:15 WARNING: norman:pantheon_A0: Building has at least 70 signs but only 1 sign orders.
7.2.1 12-10-2019 18:53:15 WARNING: norman:pantheon_A0: Building has at least 71 signs but only 1 sign orders.
7.2.1 12-10-2019 18:53:15 WARNING: norman:pantheon_A0: Building has at least 72 signs but only 1 sign orders.
7.2.1 12-10-2019 18:53:15 WARNING: norman:pantheon_A0: Building has at least 73 signs but only 1 sign orders.
7.2.1 12-10-2019 18:53:15 WARNING: norman:pantheon_A0: Building has at least 74 signs but only 1 sign orders.
7.2.1 12-10-2019 18:53:15 WARNING: norman:pantheon_A0: Building has at least 75 signs but only 1 sign orders.
7.2.1 12-10-2019 18:53:15 WARNING: norman:pantheon_A0: Building has at least 76 signs but only 1 sign orders.
7.2.1 12-10-2019 18:53:15 WARNING: norman:pantheon_A0: Building has at least 77 signs but only 1 sign orders.
7.2.1 12-10-2019 18:53:15 WARNING: norman:pantheon_A0: Building has at least 78 signs but only 1 sign orders.
7.2.1 12-10-2019 18:53:15 WARNING: norman:pantheon_A0: Building has at least 79 signs but only 1 sign orders.
7.2.1 12-10-2019 18:53:15 WARNING: norman:pantheon_A0: Building has at least 80 signs but only 1 sign orders.
7.2.1 12-10-2019 18:53:15 WARNING: norman:pantheon_A0: Building has at least 81 signs but only 1 sign orders.
7.2.1 12-10-2019 18:53:15 WARNING: norman:pantheon_A0: Building has at least 82 signs but only 1 sign orders.
7.2.1 12-10-2019 18:53:15 WARNING: norman:pantheon_A0: Building has at least 83 signs but only 1 sign orders.
7.2.1 12-10-2019 18:53:15 WARNING: norman:pantheon_A0: Building has at least 84 signs but only 1 sign orders.
7.2.1 12-10-2019 18:53:15 WARNING: norman:pantheon_A0: Building has at least 85 signs but only 1 sign orders.
7.2.1 12-10-2019 18:53:15 WARNING: norman:pantheon_A0: Building has at least 86 signs but only 1 sign orders.
7.2.1 12-10-2019 18:53:15 WARNING: norman:pantheon_A0: Building has at least 87 signs but only 1 sign orders.
7.2.1 12-10-2019 18:53:15 WARNING: norman:pantheon_A0: Building has at least 88 signs but only 1 sign orders.
7.2.1 12-10-2019 18:53:15 WARNING: norman:pantheon_A0: Building has at least 89 signs but only 1 sign orders.
7.2.1 12-10-2019 18:53:15 WARNING: norman:pantheon_A0: Building has at least 90 signs but only 1 sign orders.
7.2.1 12-10-2019 18:53:15 WARNING: norman:pantheon_A0: Building has at least 91 signs but only 1 sign orders.
7.2.1 12-10-2019 18:53:15 WARNING: norman:pantheon_A0: Building has at least 92 signs but only 1 sign orders.
7.2.1 12-10-2019 18:53:15 WARNING: norman:pantheon_A0: Building has at least 93 signs but only 1 sign orders.
7.2.1 12-10-2019 18:53:15 WARNING: norman:pantheon_A0: Building has at least 94 signs but only 1 sign orders.
7.2.1 12-10-2019 18:53:15 WARNING: norman:pantheon_A0: Building has at least 95 signs but only 1 sign orders.
7.2.1 12-10-2019 18:53:15 WARNING: norman:pantheon_A0: Building has at least 96 signs but only 1 sign orders.
7.2.1 12-10-2019 18:53:15 WARNING: norman:pantheon_A0: Building has at least 97 signs but only 1 sign orders.
7.2.1 12-10-2019 18:53:15 WARNING: norman:pantheon_A0: Building has at least 98 signs but only 1 sign orders.
7.2.1 12-10-2019 18:53:15 WARNING: norman:pantheon_A0: Building has at least 99 signs but only 1 sign orders.
7.2.1 12-10-2019 18:53:15 WARNING: norman:pantheon_A0: Building has at least 100 signs but only 1 sign orders.
7.2.1 12-10-2019 18:53:16 WARNING: norman:pantheon_A0: Building has at least 101 signs but only 1 sign orders.
7.2.1 12-10-2019 18:53:16 WARNING: norman:pantheon_A0: Building has at least 102 signs but only 1 sign orders.
7.2.1 12-10-2019 18:53:16 WARNING: norman:pantheon_A0: Building has at least 103 signs but only 1 sign orders.
7.2.1 12-10-2019 18:53:16 WARNING: norman:pantheon_A0: Building has at least 1 signs but only 1 sign orders.
7.2.1 12-10-2019 18:53:16 WARNING: norman:pantheon_A0: Building has at least 2 signs but only 1 sign orders.
7.2.1 12-10-2019 18:53:16 WARNING: norman:pantheon_A0: Building has at least 3 signs but only 1 sign orders.
7.2.1 12-10-2019 18:53:16 WARNING: norman:pantheon_A0: Building has at least 4 signs but only 1 sign orders.
7.2.1 12-10-2019 18:53:16 WARNING: norman:pantheon_A0: Building has at least 5 signs but only 1 sign orders.
7.2.1 12-10-2019 18:53:16 WARNING: norman:pantheon_A0: Building has at least 6 signs but only 1 sign orders.
7.2.1 12-10-2019 18:53:16 WARNING: norman:pantheon_A0: Building has at least 7 signs but only 1 sign orders.
7.2.1 12-10-2019 18:53:16 WARNING: norman:pantheon_A0: Building has at least 8 signs but only 1 sign orders.
7.2.1 12-10-2019 18:53:16 WARNING: norman:pantheon_A0: Building has at least 9 signs but only 1 sign orders.
7.2.1 12-10-2019 18:53:16 WARNING: norman:pantheon_A0: Building has at least 10 signs but only 1 sign orders.
7.2.1 12-10-2019 18:53:16 WARNING: norman:pantheon_A0: Building has at least 11 signs but only 1 sign orders.
7.2.1 12-10-2019 18:53:16 WARNING: norman:pantheon_A0: Building has at least 12 signs but only 1 sign orders.
7.2.1 12-10-2019 18:53:16 WARNING: norman:pantheon_A0: Building has at least 13 signs but only 1 sign orders.
7.2.1 12-10-2019 18:53:16 WARNING: norman:pantheon_A0: Building has at least 14 signs but only 1 sign orders.
7.2.1 12-10-2019 18:53:16 WARNING: norman:pantheon_A0: Building has at least 15 signs but only 1 sign orders.
7.2.1 12-10-2019 18:53:16 WARNING: norman:pantheon_A0: Building has at least 16 signs but only 1 sign orders.
7.2.1 12-10-2019 18:53:16 WARNING: norman:pantheon_A0: Building has at least 17 signs but only 1 sign orders.
7.2.1 12-10-2019 18:53:16 WARNING: norman:pantheon_A0: Building has at least 18 signs but only 1 sign orders.
7.2.1 12-10-2019 18:53:16 WARNING: norman:pantheon_A0: Building has at least 19 signs but only 1 sign orders.
7.2.1 12-10-2019 18:53:16 WARNING: norman:pantheon_A0: Building has at least 20 signs but only 1 sign orders.
7.2.1 12-10-2019 18:53:16 WARNING: norman:pantheon_A0: Building has at least 21 signs but only 1 sign orders.
7.2.1 12-10-2019 18:53:16 WARNING: norman:pantheon_A0: Building has at least 22 signs but only 1 sign orders.
7.2.1 12-10-2019 18:53:16 WARNING: norman:pantheon_A0: Building has at least 23 signs but only 1 sign orders.
7.2.1 12-10-2019 18:53:16 WARNING: norman:pantheon_A0: Building has at least 24 signs but only 1 sign orders.
7.2.1 12-10-2019 18:53:16 WARNING: norman:pantheon_A0: Building has at least 25 signs but only 1 sign orders.
7.2.1 12-10-2019 18:53:16 WARNING: norman:pantheon_A0: Building has at least 26 signs but only 1 sign orders.
7.2.1 12-10-2019 18:53:16 WARNING: norman:pantheon_A0: Building has at least 27 signs but only 1 sign orders.
7.2.1 12-10-2019 18:53:16 WARNING: norman:pantheon_A0: Building has at least 28 signs but only 1 sign orders.
7.2.1 12-10-2019 18:53:16 WARNING: norman:pantheon_A0: Building has at least 29 signs but only 1 sign orders.
7.2.1 12-10-2019 18:53:16 WARNING: norman:pantheon_A0: Building has at least 30 signs but only 1 sign orders.
7.2.1 12-10-2019 18:53:16 WARNING: norman:pantheon_A0: Building has at least 31 signs but only 1 sign orders.
7.2.1 12-10-2019 18:53:16 WARNING: norman:pantheon_A0: Building has at least 32 signs but only 1 sign orders.
7.2.1 12-10-2019 18:53:16 WARNING: norman:pantheon_A0: Building has at least 33 signs but only 1 sign orders.
7.2.1 12-10-2019 18:53:16 WARNING: norman:pantheon_A0: Building has at least 34 signs but only 1 sign orders.
7.2.1 12-10-2019 18:53:16 WARNING: norman:pantheon_A0: Building has at least 35 signs but only 1 sign orders.
7.2.1 12-10-2019 18:53:16 WARNING: norman:pantheon_A0: Building has at least 36 signs but only 1 sign orders.
7.2.1 12-10-2019 18:53:16 WARNING: norman:pantheon_A0: Building has at least 37 signs but only 1 sign orders.
7.2.1 12-10-2019 18:53:16 WARNING: norman:pantheon_A0: Building has at least 38 signs but only 1 sign orders.
7.2.1 12-10-2019 18:53:16 WARNING: norman:pantheon_A0: Building has at least 39 signs but only 1 sign orders.
7.2.1 12-10-2019 18:53:16 WARNING: norman:pantheon_A0: Building has at least 40 signs but only 1 sign orders.
7.2.1 12-10-2019 18:53:16 WARNING: norman:pantheon_A0: Building has at least 41 signs but only 1 sign orders.
7.2.1 12-10-2019 18:53:16 WARNING: norman:pantheon_A0: Building has at least 42 signs but only 1 sign orders.
7.2.1 12-10-2019 18:53:16 WARNING: norman:pantheon_A0: Building has at least 43 signs but only 1 sign orders.
7.2.1 12-10-2019 18:53:16 WARNING: norman:pantheon_A0: Building has at least 44 signs but only 1 sign orders.
7.2.1 12-10-2019 18:53:16 WARNING: norman:pantheon_A0: Building has at least 45 signs but only 1 sign orders.
7.2.1 12-10-2019 18:53:16 WARNING: norman:pantheon_A0: Building has at least 46 signs but only 1 sign orders.
7.2.1 12-10-2019 18:53:16 WARNING: norman:pantheon_A0: Building has at least 47 signs but only 1 sign orders.
7.2.1 12-10-2019 18:53:16 WARNING: norman:pantheon_A0: Building has at least 48 signs but only 1 sign orders.
7.2.1 12-10-2019 18:53:16 WARNING: norman:pantheon_A0: Building has at least 49 signs but only 1 sign orders.
7.2.1 12-10-2019 18:53:16 WARNING: norman:pantheon_A0: Building has at least 50 signs but only 1 sign orders.
7.2.1 12-10-2019 18:53:16 WARNING: norman:pantheon_A0: Building has at least 51 signs but only 1 sign orders.
7.2.1 12-10-2019 18:53:16 WARNING: norman:pantheon_A0: Building has at least 52 signs but only 1 sign orders.
7.2.1 12-10-2019 18:53:16 WARNING: norman:pantheon_A0: Building has at least 53 signs but only 1 sign orders.
7.2.1 12-10-2019 18:53:16 WARNING: norman:pantheon_A0: Building has at least 54 signs but only 1 sign orders.
7.2.1 12-10-2019 18:53:16 WARNING: norman:pantheon_A0: Building has at least 55 signs but only 1 sign orders.
7.2.1 12-10-2019 18:53:16 WARNING: norman:pantheon_A0: Building has at least 56 signs but only 1 sign orders.
7.2.1 12-10-2019 18:53:16 WARNING: norman:pantheon_A0: Building has at least 57 signs but only 1 sign orders.
7.2.1 12-10-2019 18:53:16 WARNING: norman:pantheon_A0: Building has at least 58 signs but only 1 sign orders.
7.2.1 12-10-2019 18:53:16 WARNING: norman:pantheon_A0: Building has at least 59 signs but only 1 sign orders.
7.2.1 12-10-2019 18:53:16 WARNING: norman:pantheon_A0: Building has at least 60 signs but only 1 sign orders.
7.2.1 12-10-2019 18:53:16 WARNING: norman:pantheon_A0: Building has at least 61 signs but only 1 sign orders.
7.2.1 12-10-2019 18:53:16 WARNING: norman:pantheon_A0: Building has at least 62 signs but only 1 sign orders.
7.2.1 12-10-2019 18:53:16 WARNING: norman:pantheon_A0: Building has at least 63 signs but only 1 sign orders.
7.2.1 12-10-2019 18:53:16 WARNING: norman:pantheon_A0: Building has at least 64 signs but only 1 sign orders.
7.2.1 12-10-2019 18:53:16 WARNING: norman:pantheon_A0: Building has at least 65 signs but only 1 sign orders.
7.2.1 12-10-2019 18:53:16 WARNING: norman:pantheon_A0: Building has at least 66 signs but only 1 sign orders.
7.2.1 12-10-2019 18:53:16 WARNING: norman:pantheon_A0: Building has at least 67 signs but only 1 sign orders.
7.2.1 12-10-2019 18:53:16 WARNING: norman:pantheon_A0: Building has at least 68 signs but only 1 sign orders.
7.2.1 12-10-2019 18:53:16 WARNING: norman:pantheon_A0: Building has at least 69 signs but only 1 sign orders.
7.2.1 12-10-2019 18:53:16 WARNING: norman:pantheon_A0: Building has at least 70 signs but only 1 sign orders.
7.2.1 12-10-2019 18:53:16 WARNING: norman:pantheon_A0: Building has at least 71 signs but only 1 sign orders.
7.2.1 12-10-2019 18:53:16 WARNING: norman:pantheon_A0: Building has at least 72 signs but only 1 sign orders.
7.2.1 12-10-2019 18:53:16 WARNING: norman:pantheon_A0: Building has at least 73 signs but only 1 sign orders.
7.2.1 12-10-2019 18:53:16 WARNING: norman:pantheon_A0: Building has at least 74 signs but only 1 sign orders.
7.2.1 12-10-2019 18:53:16 WARNING: norman:pantheon_A0: Building has at least 75 signs but only 1 sign orders.
7.2.1 12-10-2019 18:53:16 WARNING: norman:pantheon_A0: Building has at least 76 signs but only 1 sign orders.
7.2.1 12-10-2019 18:53:16 WARNING: norman:pantheon_A0: Building has at least 77 signs but only 1 sign orders.
7.2.1 12-10-2019 18:53:16 WARNING: norman:pantheon_A0: Building has at least 78 signs but only 1 sign orders.
7.2.1 12-10-2019 18:53:16 WARNING: norman:pantheon_A0: Building has at least 79 signs but only 1 sign orders.
7.2.1 12-10-2019 18:53:16 WARNING: norman:pantheon_A0: Building has at least 80 signs but only 1 sign orders.
7.2.1 12-10-2019 18:53:16 WARNING: norman:pantheon_A0: Building has at least 81 signs but only 1 sign orders.
7.2.1 12-10-2019 18:53:16 WARNING: norman:pantheon_A0: Building has at least 82 signs but only 1 sign orders.
7.2.1 12-10-2019 18:53:16 WARNING: norman:pantheon_A0: Building has at least 83 signs but only 1 sign orders.
7.2.1 12-10-2019 18:53:16 WARNING: norman:pantheon_A0: Building has at least 84 signs but only 1 sign orders.
7.2.1 12-10-2019 18:53:16 WARNING: norman:pantheon_A0: Building has at least 85 signs but only 1 sign orders.
7.2.1 12-10-2019 18:53:16 WARNING: norman:pantheon_A0: Building has at least 86 signs but only 1 sign orders.
7.2.1 12-10-2019 18:53:16 WARNING: norman:pantheon_A0: Building has at least 87 signs but only 1 sign orders.
7.2.1 12-10-2019 18:53:16 WARNING: norman:pantheon_A0: Building has at least 88 signs but only 1 sign orders.
7.2.1 12-10-2019 18:53:16 WARNING: norman:pantheon_A0: Building has at least 89 signs but only 1 sign orders.
7.2.1 12-10-2019 18:53:16 WARNING: norman:pantheon_A0: Building has at least 90 signs but only 1 sign orders.
7.2.1 12-10-2019 18:53:16 WARNING: norman:pantheon_A0: Building has at least 91 signs but only 1 sign orders.
7.2.1 12-10-2019 18:53:16 WARNING: norman:pantheon_A0: Building has at least 92 signs but only 1 sign orders.
7.2.1 12-10-2019 18:53:16 WARNING: norman:pantheon_A0: Building has at least 93 signs but only 1 sign orders.
7.2.1 12-10-2019 18:53:16 WARNING: norman:pantheon_A0: Building has at least 94 signs but only 1 sign orders.
7.2.1 12-10-2019 18:53:16 WARNING: norman:pantheon_A0: Building has at least 95 signs but only 1 sign orders.
7.2.1 12-10-2019 18:53:16 WARNING: norman:pantheon_A0: Building has at least 96 signs but only 1 sign orders.
7.2.1 12-10-2019 18:53:16 WARNING: norman:pantheon_A0: Building has at least 97 signs but only 1 sign orders.
7.2.1 12-10-2019 18:53:16 WARNING: norman:pantheon_A0: Building has at least 98 signs but only 1 sign orders.
7.2.1 12-10-2019 18:53:16 WARNING: norman:pantheon_A0: Building has at least 99 signs but only 1 sign orders.
7.2.1 12-10-2019 18:53:16 WARNING: norman:pantheon_A0: Building has at least 100 signs but only 1 sign orders.
7.2.1 12-10-2019 18:53:16 WARNING: norman:pantheon_A0: Building has at least 101 signs but only 1 sign orders.
7.2.1 12-10-2019 18:53:16 WARNING: norman:pantheon_A0: Building has at least 102 signs but only 1 sign orders.
7.2.1 12-10-2019 18:53:16 WARNING: norman:pantheon_A0: Building has at least 103 signs but only 1 sign orders.
7.2.1 12-10-2019 19:23:18 Starting new session. Mods: examplemod 
7.2.1 12-10-2019 19:24:15 MAJOR: null: Loading language: en_us
7.2.1 12-10-2019 19:24:16 MAJOR: null: LanguageData loaded: en_us. Wand invitem name: Wand of Summoning
7.2.1 12-10-2019 20:11:27 Starting new session. Mods: examplemod 
7.2.1 12-10-2019 20:12:23 MAJOR: null: Loading language: en_us
7.2.1 12-10-2019 20:12:24 MAJOR: null: LanguageData loaded: en_us. Wand invitem name: Wand of Summoning
7.2.1 12-10-2019 20:56:25 Starting new session. Mods: examplemod 
7.2.1 12-10-2019 20:57:24 MAJOR: null: Loading language: en_us
7.2.1 12-10-2019 20:57:24 MAJOR: null: LanguageData loaded: en_us. Wand invitem name: Wand of Summoning
7.2.1 12-10-2019 21:03:23 Starting new session. Mods: examplemod 
7.2.1 12-10-2019 21:04:20 MAJOR: null: Loading language: en_us
7.2.1 12-10-2019 21:04:20 MAJOR: null: LanguageData loaded: en_us. Wand invitem name: Wand of Summoning
7.2.1 12-10-2019 21:32:34 Starting new session. Mods: examplemod 
7.2.1 12-10-2019 21:33:47 MAJOR: null: Loading language: en_us
7.2.1 12-10-2019 21:33:51 MAJOR: null: LanguageData loaded: en_us. Wand invitem name: Wand of Summoning
7.2.1 12-10-2019 22:38:55 Starting new session. Mods: examplemod 
7.2.1 12-10-2019 22:39:59 MAJOR: null: Loading language: en_us
7.2.1 12-10-2019 22:40:03 MAJOR: null: LanguageData loaded: en_us. Wand invitem name: Wand of Summoning
7.2.1 20-10-2019 13:54:25 Starting new session. Mods: examplemod 
7.2.1 20-10-2019 13:55:47 MAJOR: null: Loading language: en_us
7.2.1 20-10-2019 13:55:48 MAJOR: null: LanguageData loaded: en_us. Wand invitem name: Wand of Summoning
7.2.1 20-10-2019 21:54:49 Starting new session. Mods: examplemod 
7.2.1 20-10-2019 21:56:12 MAJOR: null: Loading language: en_us
7.2.1 20-10-2019 21:56:12 MAJOR: null: LanguageData loaded: en_us. Wand invitem name: Wand of Summoning
